  main.cpp
D:\Everything\H3K4RM4N\Programs\c++\Programming2\Prog2Project2\main\Img.h(10,15): error C3646: 'header': unknown override specifier
D:\Everything\H3K4RM4N\Programs\c++\Programming2\Prog2Project2\main\Img.h(10,15): error C4430: missing type specifier - int assumed. Note: C++ does not support default-int
D:\Everything\H3K4RM4N\Programs\c++\Programming2\Prog2Project2\main\Img.h(29,22): error C2061: syntax error: identifier 'string'
D:\Everything\H3K4RM4N\Programs\c++\Programming2\Prog2Project2\main\Img.h(50,23): error C2061: syntax error: identifier 'string'
D:\Everything\H3K4RM4N\Programs\c++\Programming2\Prog2Project2\main\Img.h(30,12): error C2065: 'filename': undeclared identifier
D:\Everything\H3K4RM4N\Programs\c++\Programming2\Prog2Project2\main\Img.h(30,22): error C2653: 'ios_base': is not a class or namespace name
D:\Everything\H3K4RM4N\Programs\c++\Programming2\Prog2Project2\main\Img.h(30,32): error C2065: 'binary': undeclared identifier
D:\Everything\H3K4RM4N\Programs\c++\Programming2\Prog2Project2\main\Img.h(30,3): error C3861: 'ifstream': identifier not found
D:\Everything\H3K4RM4N\Programs\c++\Programming2\Prog2Project2\main\Img.h(32,7): error C2065: 'file': undeclared identifier
D:\Everything\H3K4RM4N\Programs\c++\Programming2\Prog2Project2\main\Img.h(33,4): error C2065: 'file': undeclared identifier
D:\Everything\H3K4RM4N\Programs\c++\Programming2\Prog2Project2\main\Img.h(33,15): error C2065: 'header': undeclared identifier
D:\Everything\H3K4RM4N\Programs\c++\Programming2\Prog2Project2\main\Img.h(33,39): error C2065: 'header': undeclared identifier
D:\Everything\H3K4RM4N\Programs\c++\Programming2\Prog2Project2\main\Img.h(34,4): error C2065: 'file': undeclared identifier
D:\Everything\H3K4RM4N\Programs\c++\Programming2\Prog2Project2\main\Img.h(34,15): error C2065: 'header': undeclared identifier
D:\Everything\H3K4RM4N\Programs\c++\Programming2\Prog2Project2\main\Img.h(34,43): error C2065: 'header': undeclared identifier
D:\Everything\H3K4RM4N\Programs\c++\Programming2\Prog2Project2\main\Img.h(35,4): error C2065: 'file': undeclared identifier
D:\Everything\H3K4RM4N\Programs\c++\Programming2\Prog2Project2\main\Img.h(35,15): error C2065: 'header': undeclared identifier
D:\Everything\H3K4RM4N\Programs\c++\Programming2\Prog2Project2\main\Img.h(35,40): error C2065: 'header': undeclared identifier
D:\Everything\H3K4RM4N\Programs\c++\Programming2\Prog2Project2\main\Img.h(36,4): error C2065: 'file': undeclared identifier
D:\Everything\H3K4RM4N\Programs\c++\Programming2\Prog2Project2\main\Img.h(36,22): error C2065: 'header': undeclared identifier
D:\Everything\H3K4RM4N\Programs\c++\Programming2\Prog2Project2\main\Img.h(36,52): error C2065: 'header': undeclared identifier
D:\Everything\H3K4RM4N\Programs\c++\Programming2\Prog2Project2\main\Img.h(37,4): error C2065: 'file': undeclared identifier
D:\Everything\H3K4RM4N\Programs\c++\Programming2\Prog2Project2\main\Img.h(37,22): error C2065: 'header': undeclared identifier
D:\Everything\H3K4RM4N\Programs\c++\Programming2\Prog2Project2\main\Img.h(37,52): error C2065: 'header': undeclared identifier
D:\Everything\H3K4RM4N\Programs\c++\Programming2\Prog2Project2\main\Img.h(38,4): error C2065: 'file': undeclared identifier
D:\Everything\H3K4RM4N\Programs\c++\Programming2\Prog2Project2\main\Img.h(38,22): error C2065: 'header': undeclared identifier
D:\Everything\H3K4RM4N\Programs\c++\Programming2\Prog2Project2\main\Img.h(38,51): error C2065: 'header': undeclared identifier
D:\Everything\H3K4RM4N\Programs\c++\Programming2\Prog2Project2\main\Img.h(41,4): error C2065: 'file': undeclared identifier
D:\Everything\H3K4RM4N\Programs\c++\Programming2\Prog2Project2\main\Img.h(41,22): error C2065: 'header': undeclared identifier
D:\Everything\H3K4RM4N\Programs\c++\Programming2\Prog2Project2\main\Img.h(41,45): error C2065: 'header': undeclared identifier
D:\Everything\H3K4RM4N\Programs\c++\Programming2\Prog2Project2\main\Img.h(42,4): error C2065: 'file': undeclared identifier
D:\Everything\H3K4RM4N\Programs\c++\Programming2\Prog2Project2\main\Img.h(42,22): error C2065: 'header': undeclared identifier
D:\Everything\H3K4RM4N\Programs\c++\Programming2\Prog2Project2\main\Img.h(42,45): error C2065: 'header': undeclared identifier
D:\Everything\H3K4RM4N\Programs\c++\Programming2\Prog2Project2\main\Img.h(43,4): error C2065: 'file': undeclared identifier
D:\Everything\H3K4RM4N\Programs\c++\Programming2\Prog2Project2\main\Img.h(43,22): error C2065: 'header': undeclared identifier
D:\Everything\H3K4RM4N\Programs\c++\Programming2\Prog2Project2\main\Img.h(43,43): error C2065: 'header': undeclared identifier
D:\Everything\H3K4RM4N\Programs\c++\Programming2\Prog2Project2\main\Img.h(44,4): error C2065: 'file': undeclared identifier
D:\Everything\H3K4RM4N\Programs\c++\Programming2\Prog2Project2\main\Img.h(44,22): error C2065: 'header': undeclared identifier
D:\Everything\H3K4RM4N\Programs\c++\Programming2\Prog2Project2\main\Img.h(44,44): error C2065: 'header': undeclared identifier
D:\Everything\H3K4RM4N\Programs\c++\Programming2\Prog2Project2\main\Img.h(45,4): error C2065: 'file': undeclared identifier
D:\Everything\H3K4RM4N\Programs\c++\Programming2\Prog2Project2\main\Img.h(45,22): error C2065: 'header': undeclared identifier
D:\Everything\H3K4RM4N\Programs\c++\Programming2\Prog2Project2\main\Img.h(45,50): error C2065: 'header': undeclared identifier
D:\Everything\H3K4RM4N\Programs\c++\Programming2\Prog2Project2\main\Img.h(46,4): error C2065: 'file': undeclared identifier
D:\Everything\H3K4RM4N\Programs\c++\Programming2\Prog2Project2\main\Img.h(46,22): error C2065: 'header': undeclared identifier
D:\Everything\H3K4RM4N\Programs\c++\Programming2\Prog2Project2\main\Img.h(46,53): error C2065: 'header': undeclared identifier
D:\Everything\H3K4RM4N\Programs\c++\Programming2\Prog2Project2\main\main.cpp(24,33): error C2660: 'Img::LoadImg': function does not take 1 arguments
D:\Everything\H3K4RM4N\Programs\c++\Programming2\Prog2Project2\main\Img.h(29,7): message : see declaration of 'Img::LoadImg'
