  Project2.cpp
D:\Everything\H3K4RM4N\Programs\c++\Programming2\Prog2Project2\Project2\Img.h(26,22): error C2061: syntax error: identifier 'string'
D:\Everything\H3K4RM4N\Programs\c++\Programming2\Prog2Project2\Project2\Img.h(48,23): error C2061: syntax error: identifier 'string'
D:\Everything\H3K4RM4N\Programs\c++\Programming2\Prog2Project2\Project2\Img.h(28,3): error C2065: 'ifstream': undeclared identifier
D:\Everything\H3K4RM4N\Programs\c++\Programming2\Prog2Project2\Project2\Img.h(28,12): error C2146: syntax error: missing ';' before identifier 'file'
D:\Everything\H3K4RM4N\Programs\c++\Programming2\Prog2Project2\Project2\Img.h(28,17): error C2065: 'filename': undeclared identifier
D:\Everything\H3K4RM4N\Programs\c++\Programming2\Prog2Project2\Project2\Img.h(28,27): error C2653: 'ios_base': is not a class or namespace name
D:\Everything\H3K4RM4N\Programs\c++\Programming2\Prog2Project2\Project2\Img.h(28,37): error C2065: 'binary': undeclared identifier
D:\Everything\H3K4RM4N\Programs\c++\Programming2\Prog2Project2\Project2\Img.h(28,12): error C3861: 'file': identifier not found
D:\Everything\H3K4RM4N\Programs\c++\Programming2\Prog2Project2\Project2\Img.h(30,7): error C2065: 'file': undeclared identifier
D:\Everything\H3K4RM4N\Programs\c++\Programming2\Prog2Project2\Project2\Img.h(31,4): error C2065: 'file': undeclared identifier
D:\Everything\H3K4RM4N\Programs\c++\Programming2\Prog2Project2\Project2\Img.h(32,4): error C2065: 'file': undeclared identifier
D:\Everything\H3K4RM4N\Programs\c++\Programming2\Prog2Project2\Project2\Img.h(33,4): error C2065: 'file': undeclared identifier
D:\Everything\H3K4RM4N\Programs\c++\Programming2\Prog2Project2\Project2\Img.h(34,4): error C2065: 'file': undeclared identifier
D:\Everything\H3K4RM4N\Programs\c++\Programming2\Prog2Project2\Project2\Img.h(35,4): error C2065: 'file': undeclared identifier
D:\Everything\H3K4RM4N\Programs\c++\Programming2\Prog2Project2\Project2\Img.h(36,4): error C2065: 'file': undeclared identifier
D:\Everything\H3K4RM4N\Programs\c++\Programming2\Prog2Project2\Project2\Img.h(39,4): error C2065: 'file': undeclared identifier
D:\Everything\H3K4RM4N\Programs\c++\Programming2\Prog2Project2\Project2\Img.h(40,4): error C2065: 'file': undeclared identifier
D:\Everything\H3K4RM4N\Programs\c++\Programming2\Prog2Project2\Project2\Img.h(41,4): error C2065: 'file': undeclared identifier
D:\Everything\H3K4RM4N\Programs\c++\Programming2\Prog2Project2\Project2\Img.h(42,4): error C2065: 'file': undeclared identifier
D:\Everything\H3K4RM4N\Programs\c++\Programming2\Prog2Project2\Project2\Img.h(43,4): error C2065: 'file': undeclared identifier
D:\Everything\H3K4RM4N\Programs\c++\Programming2\Prog2Project2\Project2\Img.h(44,4): error C2065: 'file': undeclared identifier
D:\Everything\H3K4RM4N\Programs\c++\Programming2\Prog2Project2\Project2\Project2.cpp(24,33): error C2660: 'Img::LoadImg': function does not take 1 arguments
D:\Everything\H3K4RM4N\Programs\c++\Programming2\Prog2Project2\Project2\Img.h(26,7): message : see declaration of 'Img::LoadImg'
